(node:74298) [DEP0169] DeprecationWarning: `url.parse()` behavior is not standardized and prone to errors that have security implications. Use the WHATWG URL API instead. CVEs are not issued for `url.parse()` vulnerabilities.
(Use `node --trace-deprecation ...` to show where the warning was created)
⚠️ Falha ao conectar ao banco de dados, continuando sem persistência: ConnectionRefusedError [SequelizeConnectionRefusedError]: connect ECONNREFUSED 127.0.0.1:3306
    at ConnectionManager.connect (/home/kali/Documentos/projeto/server/node_modules/sequelize/src/dialects/mysql/connection-manager.js:116:17)
    at process.processTicksAndRejections (node:internal/process/task_queues:103:5)
    at async ConnectionManager._connect (/home/kali/Documentos/projeto/server/node_modules/sequelize/src/dialects/abstract/connection-manager.js:332:24)
    at async <anonymous> (/home/kali/Documentos/projeto/server/node_modules/sequelize/src/dialects/abstract/connection-manager.js:250:32)
    at async ConnectionManager.getConnection (/home/kali/Documentos/projeto/server/node_modules/sequelize/src/dialects/abstract/connection-manager.js:280:7)
    at async <anonymous> (/home/kali/Documentos/projeto/server/node_modules/sequelize/src/sequelize.js:638:26)
    at async Sequelize.authenticate (/home/kali/Documentos/projeto/server/node_modules/sequelize/src/sequelize.js:972:5)
    at async start (/home/kali/Documentos/projeto/server/src/index.ts:40:5) {
  parent: Error: connect ECONNREFUSED 127.0.0.1:3306
      at TCPConnectWrap.afterConnect [as oncomplete] (node:net:1637:16) {
    errno: -111,
    code: 'ECONNREFUSED',
    syscall: 'connect',
    address: '127.0.0.1',
    port: 3306,
    fatal: true
  },
  original: Error: connect ECONNREFUSED 127.0.0.1:3306
      at TCPConnectWrap.afterConnect [as oncomplete] (node:net:1637:16) {
    errno: -111,
    code: 'ECONNREFUSED',
    syscall: 'connect',
    address: '127.0.0.1',
    port: 3306,
    fatal: true
  }
}
node:events:486
      throw er; // Unhandled 'error' event
      ^

Error: listen EADDRINUSE: address already in use :::3001
    at Server.setupListenHandle [as _listen2] (node:net:1940:16)
    at listenInCluster (node:net:1997:12)
    at Server.listen (node:net:2102:7)
    at app.listen (/home/kali/Documentos/projeto/server/node_modules/express/lib/application.js:635:24)
    at start (/home/kali/Documentos/projeto/server/src/index.ts:50:7)
    at process.processTicksAndRejections (node:internal/process/task_queues:103:5)
Emitted 'error' event on Server instance at:
    at emitErrorNT (node:net:1976:8)
    at process.processTicksAndRejections (node:internal/process/task_queues:89:21) {
  code: 'EADDRINUSE',
  errno: -98,
  syscall: 'listen',
  address: '::',
  port: 3001
}

Node.js v24.13.1
